e:\01workplace\项目交接\ballspline-master\dynamic_bs_system\debug\dynamic_bs_system.pch
e:\01workplace\项目交接\ballspline-master\dynamic_bs_system\debug\vc120.pdb
e:\01workplace\项目交接\ballspline-master\dynamic_bs_system\debug\vc120.idb
e:\01workplace\项目交接\ballspline-master\dynamic_bs_system\debug\stdafx.obj
e:\01workplace\项目交接\ballspline-master\dynamic_bs_system\debug\conversion.obj
e:\01workplace\项目交接\ballspline-master\dynamic_bs_system\debug\displaybbsc.obj
e:\01workplace\项目交接\ballspline-master\dynamic_bs_system\debug\dynamic_bs_system.obj
e:\01workplace\项目交接\ballspline-master\dynamic_bs_system\debug\dynamic_bs_systemdoc.obj
e:\01workplace\项目交接\ballspline-master\dynamic_bs_system\debug\dynamic_bs_systemview.obj
e:\01workplace\项目交接\ballspline-master\dynamic_bs_system\debug\gauss.obj
e:\01workplace\项目交接\ballspline-master\dynamic_bs_system\debug\gvballnurbscurven.obj
e:\01workplace\项目交接\ballspline-master\dynamic_bs_system\debug\gvballnurbssurfacen.obj
e:\01workplace\项目交接\ballspline-master\dynamic_bs_system\debug\gvcircle.obj
e:\01workplace\项目交接\ballspline-master\dynamic_bs_system\debug\gvmatrix.obj
e:\01workplace\项目交接\ballspline-master\dynamic_bs_system\debug\gvnurbscurven.obj
e:\01workplace\项目交接\ballspline-master\dynamic_bs_system\debug\gvvector.obj
e:\01workplace\项目交接\ballspline-master\dynamic_bs_system\debug\jacobimatrix.obj
e:\01workplace\项目交接\ballspline-master\dynamic_bs_system\debug\mainfrm.obj
e:\01workplace\项目交接\ballspline-master\dynamic_bs_system\debug\matrix.obj
e:\01workplace\项目交接\ballspline-master\dynamic_bs_system\debug\mylibopengl.obj
e:\01workplace\项目交接\ballspline-master\dynamic_bs_system\debug\p.obj
e:\01workplace\项目交接\ballspline-master\dynamic_bs_system\debug\point3d.obj
e:\01workplace\项目交接\ballspline-master\dynamic_bs_system\debug\dynamic_bs_system.res
e:\01workplace\项目交接\ballspline-master\dynamic_bs_system\debug\dynamic_.7b637d00.tlog\cl.command.1.tlog
e:\01workplace\项目交接\ballspline-master\dynamic_bs_system\debug\dynamic_.7b637d00.tlog\cl.read.1.tlog
e:\01workplace\项目交接\ballspline-master\dynamic_bs_system\debug\dynamic_.7b637d00.tlog\cl.write.1.tlog
e:\01workplace\项目交接\ballspline-master\dynamic_bs_system\debug\dynamic_.7b637d00.tlog\link.command.1.tlog
e:\01workplace\项目交接\ballspline-master\dynamic_bs_system\debug\dynamic_.7b637d00.tlog\link.read.1.tlog
e:\01workplace\项目交接\ballspline-master\dynamic_bs_system\debug\dynamic_.7b637d00.tlog\link.write.1.tlog
e:\01workplace\项目交接\ballspline-master\dynamic_bs_system\debug\dynamic_.7b637d00.tlog\rc.command.1.tlog
e:\01workplace\项目交接\ballspline-master\dynamic_bs_system\debug\dynamic_.7b637d00.tlog\rc.read.1.tlog
e:\01workplace\项目交接\ballspline-master\dynamic_bs_system\debug\dynamic_.7b637d00.tlog\rc.write.1.tlog
