生成启动时间为 2018/9/15 10:46:44。
     1>项目“E:\01workplace\项目交接\BallSpline-master\Dynamic_BS_System\Dynamic_BS_System.vcxproj”在节点 2 上(Rebuild 个目标)。
     1>ClCompile:
         D:\Program Files\Microsoft Visual Studio 12.0\VC\bin\CL.exe /c /I"E:\01workplace\项目交接\BallSpline-master\Dynamic_BS_System\sisl\include" /I"E:\01workplace\项目交接\BallSpline-master\armadillo-7.800.2\include" /I"D:\Dynamic_B_IGA_Sys\armadillo-7.800.2\include" /I"D:\Dynamic_B_IGA_Sys\SISL-master\include" /ZI /nologo /W3 /WX- /sdl /Od /Oy- /D WIN32 /D _WINDOWS /D _DEBUG /D _CRT_SECURE_NO_WARNINGS /D ARMA_USE_LAPACK /D ARMA_USE_BLAS /D _UNICODE /D UNICODE /D _AFXDLL /Gm /EHsc /RTC1 /MD /GS /fp:precise /Zc:wchar_t /Zc:forScope /Yc"stdafx.h" /Fp"Debug\Dynamic_BS_System.pch" /Fo"Debug\\" /Fd"Debug\vc120.pdb" /Gd /TP /analyze- /errorReport:prompt stdafx.cpp
         stdafx.cpp
     1>CL : warning : detected 'min' and/or 'max' macros and undefined them;
     1>CL : warning : you may wish to define NOMINMAX before including any windows header
         D:\Program Files\Microsoft Visual Studio 12.0\VC\bin\CL.exe /c /I"E:\01workplace\项目交接\BallSpline-master\Dynamic_BS_System\sisl\include" /I"E:\01workplace\项目交接\BallSpline-master\armadillo-7.800.2\include" /I"D:\Dynamic_B_IGA_Sys\armadillo-7.800.2\include" /I"D:\Dynamic_B_IGA_Sys\SISL-master\include" /ZI /nologo /W3 /WX- /sdl /Od /Oy- /D WIN32 /D _WINDOWS /D _DEBUG /D _CRT_SECURE_NO_WARNINGS /D ARMA_USE_LAPACK /D ARMA_USE_BLAS /D _UNICODE /D UNICODE /D _AFXDLL /Gm /EHsc /RTC1 /MD /GS /fp:precise /Zc:wchar_t /Zc:forScope /Fo"Debug\\" /Fd"Debug\vc120.pdb" /Gd /TP /analyze- /errorReport:prompt conversion.cpp DisplayBBSC.cpp Dynamic_BS_System.cpp Dynamic_BS_SystemDoc.cpp Dynamic_BS_SystemView.cpp Gauss.cpp gvBallNurbsCurven.cpp gvBallnurbsSurfacen.cpp gvCircle.cpp gvMatrix.cpp gvNurbsCurven.cpp gvVector.cpp JacobiMatrix.cpp MainFrm.cpp Matrix.cpp MyLibOpenGL.cpp P.cpp Point3D.cpp
         Point3D.cpp
     1>CL : warning : detected 'min' and/or 'max' macros and undefined them;
     1>CL : warning : you may wish to define NOMINMAX before including any windows header
         P.cpp
     1>CL : warning : detected 'min' and/or 'max' macros and undefined them;
     1>CL : warning : you may wish to define NOMINMAX before including any windows header
         MyLibOpenGL.cpp
     1>CL : warning : detected 'min' and/or 'max' macros and undefined them;
     1>CL : warning : you may wish to define NOMINMAX before including any windows header
         Matrix.cpp
     1>CL : warning : detected 'min' and/or 'max' macros and undefined them;
     1>CL : warning : you may wish to define NOMINMAX before including any windows header
         MainFrm.cpp
     1>CL : warning : detected 'min' and/or 'max' macros and undefined them;
     1>CL : warning : you may wish to define NOMINMAX before including any windows header
         JacobiMatrix.cpp
     1>CL : warning : detected 'min' and/or 'max' macros and undefined them;
     1>CL : warning : you may wish to define NOMINMAX before including any windows header
         gvVector.cpp
     1>CL : warning : detected 'min' and/or 'max' macros and undefined them;
     1>CL : warning : you may wish to define NOMINMAX before including any windows header
         gvNurbsCurven.cpp
     1>CL : warning : detected 'min' and/or 'max' macros and undefined them;
     1>CL : warning : you may wish to define NOMINMAX before including any windows header
         gvMatrix.cpp
     1>CL : warning : detected 'min' and/or 'max' macros and undefined them;
     1>CL : warning : you may wish to define NOMINMAX before including any windows header
         gvCircle.cpp
     1>CL : warning : detected 'min' and/or 'max' macros and undefined them;
     1>CL : warning : you may wish to define NOMINMAX before including any windows header
         gvBallnurbsSurfacen.cpp
     1>CL : warning : detected 'min' and/or 'max' macros and undefined them;
     1>CL : warning : you may wish to define NOMINMAX before including any windows header
         gvBallNurbsCurven.cpp
     1>CL : warning : detected 'min' and/or 'max' macros and undefined them;
     1>CL : warning : you may wish to define NOMINMAX before including any windows header
     1>e:\01workplace\项目交接\ballspline-master\dynamic_bs_system\gvballnurbscurven.cpp(104): warning C4101: “currad”: 未引用的局部变量
     1>e:\01workplace\项目交接\ballspline-master\dynamic_bs_system\gvballnurbscurven.cpp(363): warning C4101: “ang”: 未引用的局部变量
     1>e:\01workplace\项目交接\ballspline-master\dynamic_bs_system\gvballnurbscurven.cpp(1951): warning C4101: “c3”: 未引用的局部变量
     1>e:\01workplace\项目交接\ballspline-master\dynamic_bs_system\gvballnurbscurven.cpp(1949): warning C4101: “c1”: 未引用的局部变量
     1>e:\01workplace\项目交接\ballspline-master\dynamic_bs_system\gvballnurbscurven.cpp(1950): warning C4101: “c2”: 未引用的局部变量
     1>e:\01workplace\项目交接\ballspline-master\dynamic_bs_system\gvballnurbscurven.cpp(2015): warning C4101: “a”: 未引用的局部变量
     1>e:\01workplace\项目交接\ballspline-master\dynamic_bs_system\gvballnurbscurven.cpp(2020): warning C4101: “f”: 未引用的局部变量
     1>e:\01workplace\项目交接\ballspline-master\dynamic_bs_system\gvballnurbscurven.cpp(2016): warning C4101: “b”: 未引用的局部变量
     1>e:\01workplace\项目交接\ballspline-master\dynamic_bs_system\gvballnurbscurven.cpp(2018): warning C4101: “d”: 未引用的局部变量
     1>e:\01workplace\项目交接\ballspline-master\dynamic_bs_system\gvballnurbscurven.cpp(2017): warning C4101: “c”: 未引用的局部变量
     1>e:\01workplace\项目交接\ballspline-master\dynamic_bs_system\gvballnurbscurven.cpp(2013): warning C4101: “dir”: 未引用的局部变量
     1>e:\01workplace\项目交接\ballspline-master\dynamic_bs_system\gvballnurbscurven.cpp(2019): warning C4101: “e”: 未引用的局部变量
         Gauss.cpp
     1>CL : warning : detected 'min' and/or 'max' macros and undefined them;
     1>CL : warning : you may wish to define NOMINMAX before including any windows header
         Dynamic_BS_SystemView.cpp
     1>CL : warning : detected 'min' and/or 'max' macros and undefined them;
     1>CL : warning : you may wish to define NOMINMAX before including any windows header
     1>e:\01workplace\项目交接\ballspline-master\dynamic_bs_system\dynamic_bs_systemview.cpp(642): warning C4018: “<”: 有符号/无符号不匹配
     1>e:\01workplace\项目交接\ballspline-master\dynamic_bs_system\dynamic_bs_systemview.cpp(643): warning C4018: “<”: 有符号/无符号不匹配
     1>e:\01workplace\项目交接\ballspline-master\dynamic_bs_system\dynamic_bs_systemview.cpp(1445): warning C4018: “<”: 有符号/无符号不匹配
     1>e:\01workplace\项目交接\ballspline-master\dynamic_bs_system\dynamic_bs_systemview.cpp(1448): warning C4018: “<”: 有符号/无符号不匹配
     1>e:\01workplace\项目交接\ballspline-master\dynamic_bs_system\dynamic_bs_systemview.cpp(1462): warning C4018: “<”: 有符号/无符号不匹配
     1>e:\01workplace\项目交接\ballspline-master\dynamic_bs_system\dynamic_bs_systemview.cpp(1465): warning C4018: “<”: 有符号/无符号不匹配
     1>e:\01workplace\项目交接\ballspline-master\dynamic_bs_system\dynamic_bs_systemview.cpp(1479): warning C4018: “<”: 有符号/无符号不匹配
     1>e:\01workplace\项目交接\ballspline-master\dynamic_bs_system\dynamic_bs_systemview.cpp(1482): warning C4018: “<”: 有符号/无符号不匹配
     1>e:\01workplace\项目交接\ballspline-master\dynamic_bs_system\dynamic_bs_systemview.cpp(1496): warning C4018: “<”: 有符号/无符号不匹配
     1>e:\01workplace\项目交接\ballspline-master\dynamic_bs_system\dynamic_bs_systemview.cpp(1498): warning C4018: “<”: 有符号/无符号不匹配
     1>e:\01workplace\项目交接\ballspline-master\dynamic_bs_system\dynamic_bs_systemview.cpp(1522): warning C4018: “<”: 有符号/无符号不匹配
     1>e:\01workplace\项目交接\ballspline-master\dynamic_bs_system\dynamic_bs_systemview.cpp(1523): warning C4018: “<”: 有符号/无符号不匹配
     1>e:\01workplace\项目交接\ballspline-master\dynamic_bs_system\dynamic_bs_systemview.cpp(1666): warning C4018: “<”: 有符号/无符号不匹配
     1>e:\01workplace\项目交接\ballspline-master\dynamic_bs_system\dynamic_bs_systemview.cpp(1667): warning C4018: “<”: 有符号/无符号不匹配
     1>e:\01workplace\项目交接\ballspline-master\dynamic_bs_system\dynamic_bs_systemview.cpp(1678): warning C4018: “<”: 有符号/无符号不匹配
     1>e:\01workplace\项目交接\ballspline-master\dynamic_bs_system\dynamic_bs_systemview.cpp(1679): warning C4018: “<”: 有符号/无符号不匹配
     1>e:\01workplace\项目交接\ballspline-master\dynamic_bs_system\dynamic_bs_systemview.cpp(1690): warning C4018: “<”: 有符号/无符号不匹配
     1>e:\01workplace\项目交接\ballspline-master\dynamic_bs_system\dynamic_bs_systemview.cpp(1691): warning C4018: “<”: 有符号/无符号不匹配
         Dynamic_BS_SystemDoc.cpp
     1>CL : warning : detected 'min' and/or 'max' macros and undefined them;
     1>CL : warning : you may wish to define NOMINMAX before including any windows header
         Dynamic_BS_System.cpp
     1>CL : warning : detected 'min' and/or 'max' macros and undefined them;
     1>CL : warning : you may wish to define NOMINMAX before including any windows header
         DisplayBBSC.cpp
     1>CL : warning : detected 'min' and/or 'max' macros and undefined them;
     1>CL : warning : you may wish to define NOMINMAX before including any windows header
         conversion.cpp
     1>CL : warning : detected 'min' and/or 'max' macros and undefined them;
     1>CL : warning : you may wish to define NOMINMAX before including any windows header
         正在生成代码...
     1>e:\01workplace\项目交接\ballspline-master\dynamic_bs_system\mylibopengl.cpp(210): warning C4715: “MyLibOpenGL::LoadTexture”: 不是所有的控件路径都返回值
       ResourceCompile:
         C:\Program Files (x86)\Windows Kits\8.1\bin\x86\rc.exe /D _DEBUG /D _UNICODE /D UNICODE /D _AFXDLL /l"0x0804" /IDebug\ /nologo /fo"Debug\Dynamic_BS_System.res" Dynamic_BS_System.rc 
       Link:
         D:\Program Files\Microsoft Visual Studio 12.0\VC\bin\link.exe /ERRORREPORT:PROMPT /OUT:"E:\01workplace\项目交接\BallSpline-master\Dynamic_BS_System\Debug\Dynamic_BS_System.exe" /INCREMENTAL /NOLOGO /LIBPATH:"E:\01workplace\项目交接\BallSpline-master\libs" /LIBPATH:"E:\01workplace\项目交接\BallSpline-master\armadillo-7.800.2\examples\lib_win64" /LIBPATH:D:\Dynamic_B_IGA_Sys sisl.lib lapack_win64_MT.lib blas_win64_MT.lib blas.lib lapack.lib libf2c.lib /NODEFAULTLIB:msvcrt.lib /MANIFEST /MANIFESTUAC:"level='asInvoker' uiAccess='false'" /manifest:embed /manifestinput:"D:\Program Files\Microsoft Visual Studio 12.0\VC\Include\Manifest\dpiaware.manifest" /DEBUG /PDB:"E:\01workplace\项目交接\BallSpline-master\Dynamic_BS_System\Debug\Dynamic_BS_System.pdb" /SUBSYSTEM:WINDOWS /TLBID:1 /ENTRY:"wWinMainCRTStartup" /DYNAMICBASE /NXCOMPAT /IMPLIB:"E:\01workplace\项目交接\BallSpline-master\Dynamic_BS_System\Debug\Dynamic_BS_System.lib" /MACHINE:X86 Debug\Dynamic_BS_System.res
         Debug\conversion.obj
         Debug\DisplayBBSC.obj
         Debug\Dynamic_BS_System.obj
         Debug\Dynamic_BS_SystemDoc.obj
         Debug\Dynamic_BS_SystemView.obj
         Debug\Gauss.obj
         Debug\gvBallNurbsCurven.obj
         Debug\gvBallnurbsSurfacen.obj
         Debug\gvCircle.obj
         Debug\gvMatrix.obj
         Debug\gvNurbsCurven.obj
         Debug\gvVector.obj
         Debug\JacobiMatrix.obj
         Debug\MainFrm.obj
         Debug\Matrix.obj
         Debug\MyLibOpenGL.obj
         Debug\P.obj
         Debug\Point3D.obj
         Debug\stdafx.obj
     1>sisl.lib(construct.obj) : warning LNK4099: 未找到 PDB“vc110.pdb”(使用“sisl.lib(construct.obj)”或在“E:\01workplace\项目交接\BallSpline-master\Dynamic_BS_System\Debug\vc110.pdb”中寻找)；正在链接对象，如同没有调试信息一样
     1>sisl.lib(destruct.obj) : warning LNK4099: 未找到 PDB“vc110.pdb”(使用“sisl.lib(destruct.obj)”或在“E:\01workplace\项目交接\BallSpline-master\Dynamic_BS_System\Debug\vc110.pdb”中寻找)；正在链接对象，如同没有调试信息一样
     1>sisl.lib(makecvkreg.obj) : warning LNK4099: 未找到 PDB“vc110.pdb”(使用“sisl.lib(makecvkreg.obj)”或在“E:\01workplace\项目交接\BallSpline-master\Dynamic_BS_System\Debug\vc110.pdb”中寻找)；正在链接对象，如同没有调试信息一样
     1>sisl.lib(mk_cv_cycl.obj) : warning LNK4099: 未找到 PDB“vc110.pdb”(使用“sisl.lib(mk_cv_cycl.obj)”或在“E:\01workplace\项目交接\BallSpline-master\Dynamic_BS_System\Debug\vc110.pdb”中寻找)；正在链接对象，如同没有调试信息一样
     1>sisl.lib(s1018.obj) : warning LNK4099: 未找到 PDB“vc110.pdb”(使用“sisl.lib(s1018.obj)”或在“E:\01workplace\项目交接\BallSpline-master\Dynamic_BS_System\Debug\vc110.pdb”中寻找)；正在链接对象，如同没有调试信息一样
     1>sisl.lib(s1219.obj) : warning LNK4099: 未找到 PDB“vc110.pdb”(使用“sisl.lib(s1219.obj)”或在“E:\01workplace\项目交接\BallSpline-master\Dynamic_BS_System\Debug\vc110.pdb”中寻找)；正在链接对象，如同没有调试信息一样
     1>sisl.lib(s1220.obj) : warning LNK4099: 未找到 PDB“vc110.pdb”(使用“sisl.lib(s1220.obj)”或在“E:\01workplace\项目交接\BallSpline-master\Dynamic_BS_System\Debug\vc110.pdb”中寻找)；正在链接对象，如同没有调试信息一样
     1>sisl.lib(s1227.obj) : warning LNK4099: 未找到 PDB“vc110.pdb”(使用“sisl.lib(s1227.obj)”或在“E:\01workplace\项目交接\BallSpline-master\Dynamic_BS_System\Debug\vc110.pdb”中寻找)；正在链接对象，如同没有调试信息一样
     1>sisl.lib(s1240.obj) : warning LNK4099: 未找到 PDB“vc110.pdb”(使用“sisl.lib(s1240.obj)”或在“E:\01workplace\项目交接\BallSpline-master\Dynamic_BS_System\Debug\vc110.pdb”中寻找)；正在链接对象，如同没有调试信息一样
     1>sisl.lib(s1251.obj) : warning LNK4099: 未找到 PDB“vc110.pdb”(使用“sisl.lib(s1251.obj)”或在“E:\01workplace\项目交接\BallSpline-master\Dynamic_BS_System\Debug\vc110.pdb”中寻找)；正在链接对象，如同没有调试信息一样
     1>sisl.lib(s1356.obj) : warning LNK4099: 未找到 PDB“vc110.pdb”(使用“sisl.lib(s1356.obj)”或在“E:\01workplace\项目交接\BallSpline-master\Dynamic_BS_System\Debug\vc110.pdb”中寻找)；正在链接对象，如同没有调试信息一样
     1>sisl.lib(s1357.obj) : warning LNK4099: 未找到 PDB“vc110.pdb”(使用“sisl.lib(s1357.obj)”或在“E:\01workplace\项目交接\BallSpline-master\Dynamic_BS_System\Debug\vc110.pdb”中寻找)；正在链接对象，如同没有调试信息一样
     1>sisl.lib(s1363.obj) : warning LNK4099: 未找到 PDB“vc110.pdb”(使用“sisl.lib(s1363.obj)”或在“E:\01workplace\项目交接\BallSpline-master\Dynamic_BS_System\Debug\vc110.pdb”中寻找)；正在链接对象，如同没有调试信息一样
     1>sisl.lib(s1700.obj) : warning LNK4099: 未找到 PDB“vc110.pdb”(使用“sisl.lib(s1700.obj)”或在“E:\01workplace\项目交接\BallSpline-master\Dynamic_BS_System\Debug\vc110.pdb”中寻找)；正在链接对象，如同没有调试信息一样
     1>sisl.lib(s1701.obj) : warning LNK4099: 未找到 PDB“vc110.pdb”(使用“sisl.lib(s1701.obj)”或在“E:\01workplace\项目交接\BallSpline-master\Dynamic_BS_System\Debug\vc110.pdb”中寻找)；正在链接对象，如同没有调试信息一样
     1>sisl.lib(s1706.obj) : warning LNK4099: 未找到 PDB“vc110.pdb”(使用“sisl.lib(s1706.obj)”或在“E:\01workplace\项目交接\BallSpline-master\Dynamic_BS_System\Debug\vc110.pdb”中寻找)；正在链接对象，如同没有调试信息一样
     1>sisl.lib(s1707.obj) : warning LNK4099: 未找到 PDB“vc110.pdb”(使用“sisl.lib(s1707.obj)”或在“E:\01workplace\项目交接\BallSpline-master\Dynamic_BS_System\Debug\vc110.pdb”中寻找)；正在链接对象，如同没有调试信息一样
     1>sisl.lib(s1710.obj) : warning LNK4099: 未找到 PDB“vc110.pdb”(使用“sisl.lib(s1710.obj)”或在“E:\01workplace\项目交接\BallSpline-master\Dynamic_BS_System\Debug\vc110.pdb”中寻找)；正在链接对象，如同没有调试信息一样
     1>sisl.lib(s1712.obj) : warning LNK4099: 未找到 PDB“vc110.pdb”(使用“sisl.lib(s1712.obj)”或在“E:\01workplace\项目交接\BallSpline-master\Dynamic_BS_System\Debug\vc110.pdb”中寻找)；正在链接对象，如同没有调试信息一样
     1>sisl.lib(s1730.obj) : warning LNK4099: 未找到 PDB“vc110.pdb”(使用“sisl.lib(s1730.obj)”或在“E:\01workplace\项目交接\BallSpline-master\Dynamic_BS_System\Debug\vc110.pdb”中寻找)；正在链接对象，如同没有调试信息一样
     1>sisl.lib(s1750.obj) : warning LNK4099: 未找到 PDB“vc110.pdb”(使用“sisl.lib(s1750.obj)”或在“E:\01workplace\项目交接\BallSpline-master\Dynamic_BS_System\Debug\vc110.pdb”中寻找)；正在链接对象，如同没有调试信息一样
     1>sisl.lib(s1753.obj) : warning LNK4099: 未找到 PDB“vc110.pdb”(使用“sisl.lib(s1753.obj)”或在“E:\01workplace\项目交接\BallSpline-master\Dynamic_BS_System\Debug\vc110.pdb”中寻找)；正在链接对象，如同没有调试信息一样
     1>sisl.lib(s1754.obj) : warning LNK4099: 未找到 PDB“vc110.pdb”(使用“sisl.lib(s1754.obj)”或在“E:\01workplace\项目交接\BallSpline-master\Dynamic_BS_System\Debug\vc110.pdb”中寻找)；正在链接对象，如同没有调试信息一样
     1>sisl.lib(s1755.obj) : warning LNK4099: 未找到 PDB“vc110.pdb”(使用“sisl.lib(s1755.obj)”或在“E:\01workplace\项目交接\BallSpline-master\Dynamic_BS_System\Debug\vc110.pdb”中寻找)；正在链接对象，如同没有调试信息一样
     1>sisl.lib(s1891.obj) : warning LNK4099: 未找到 PDB“vc110.pdb”(使用“sisl.lib(s1891.obj)”或在“E:\01workplace\项目交接\BallSpline-master\Dynamic_BS_System\Debug\vc110.pdb”中寻找)；正在链接对象，如同没有调试信息一样
     1>sisl.lib(s1897.obj) : warning LNK4099: 未找到 PDB“vc110.pdb”(使用“sisl.lib(s1897.obj)”或在“E:\01workplace\项目交接\BallSpline-master\Dynamic_BS_System\Debug\vc110.pdb”中寻找)；正在链接对象，如同没有调试信息一样
     1>sisl.lib(s1902.obj) : warning LNK4099: 未找到 PDB“vc110.pdb”(使用“sisl.lib(s1902.obj)”或在“E:\01workplace\项目交接\BallSpline-master\Dynamic_BS_System\Debug\vc110.pdb”中寻找)；正在链接对象，如同没有调试信息一样
     1>sisl.lib(s1905.obj) : warning LNK4099: 未找到 PDB“vc110.pdb”(使用“sisl.lib(s1905.obj)”或在“E:\01workplace\项目交接\BallSpline-master\Dynamic_BS_System\Debug\vc110.pdb”中寻找)；正在链接对象，如同没有调试信息一样
     1>sisl.lib(s1906.obj) : warning LNK4099: 未找到 PDB“vc110.pdb”(使用“sisl.lib(s1906.obj)”或在“E:\01workplace\项目交接\BallSpline-master\Dynamic_BS_System\Debug\vc110.pdb”中寻找)；正在链接对象，如同没有调试信息一样
     1>sisl.lib(s1907.obj) : warning LNK4099: 未找到 PDB“vc110.pdb”(使用“sisl.lib(s1907.obj)”或在“E:\01workplace\项目交接\BallSpline-master\Dynamic_BS_System\Debug\vc110.pdb”中寻找)；正在链接对象，如同没有调试信息一样
     1>sisl.lib(s1908.obj) : warning LNK4099: 未找到 PDB“vc110.pdb”(使用“sisl.lib(s1908.obj)”或在“E:\01workplace\项目交接\BallSpline-master\Dynamic_BS_System\Debug\vc110.pdb”中寻找)；正在链接对象，如同没有调试信息一样
     1>sisl.lib(s1909.obj) : warning LNK4099: 未找到 PDB“vc110.pdb”(使用“sisl.lib(s1909.obj)”或在“E:\01workplace\项目交接\BallSpline-master\Dynamic_BS_System\Debug\vc110.pdb”中寻找)；正在链接对象，如同没有调试信息一样
     1>sisl.lib(s1912.obj) : warning LNK4099: 未找到 PDB“vc110.pdb”(使用“sisl.lib(s1912.obj)”或在“E:\01workplace\项目交接\BallSpline-master\Dynamic_BS_System\Debug\vc110.pdb”中寻找)；正在链接对象，如同没有调试信息一样
     1>sisl.lib(s1925.obj) : warning LNK4099: 未找到 PDB“vc110.pdb”(使用“sisl.lib(s1925.obj)”或在“E:\01workplace\项目交接\BallSpline-master\Dynamic_BS_System\Debug\vc110.pdb”中寻找)；正在链接对象，如同没有调试信息一样
     1>sisl.lib(s1926.obj) : warning LNK4099: 未找到 PDB“vc110.pdb”(使用“sisl.lib(s1926.obj)”或在“E:\01workplace\项目交接\BallSpline-master\Dynamic_BS_System\Debug\vc110.pdb”中寻找)；正在链接对象，如同没有调试信息一样
     1>sisl.lib(s1927.obj) : warning LNK4099: 未找到 PDB“vc110.pdb”(使用“sisl.lib(s1927.obj)”或在“E:\01workplace\项目交接\BallSpline-master\Dynamic_BS_System\Debug\vc110.pdb”中寻找)；正在链接对象，如同没有调试信息一样
     1>sisl.lib(s6chpar.obj) : warning LNK4099: 未找到 PDB“vc110.pdb”(使用“sisl.lib(s6chpar.obj)”或在“E:\01workplace\项目交接\BallSpline-master\Dynamic_BS_System\Debug\vc110.pdb”中寻找)；正在链接对象，如同没有调试信息一样
     1>sisl.lib(s6dist.obj) : warning LNK4099: 未找到 PDB“vc110.pdb”(使用“sisl.lib(s6dist.obj)”或在“E:\01workplace\项目交接\BallSpline-master\Dynamic_BS_System\Debug\vc110.pdb”中寻找)；正在链接对象，如同没有调试信息一样
     1>sisl.lib(s6err.obj) : warning LNK4099: 未找到 PDB“vc110.pdb”(使用“sisl.lib(s6err.obj)”或在“E:\01workplace\项目交接\BallSpline-master\Dynamic_BS_System\Debug\vc110.pdb”中寻找)；正在链接对象，如同没有调试信息一样
     1>sisl.lib(s6existbox.obj) : warning LNK4099: 未找到 PDB“vc110.pdb”(使用“sisl.lib(s6existbox.obj)”或在“E:\01workplace\项目交接\BallSpline-master\Dynamic_BS_System\Debug\vc110.pdb”中寻找)；正在链接对象，如同没有调试信息一样
     1>sisl.lib(s6knotmult.obj) : warning LNK4099: 未找到 PDB“vc110.pdb”(使用“sisl.lib(s6knotmult.obj)”或在“E:\01workplace\项目交接\BallSpline-master\Dynamic_BS_System\Debug\vc110.pdb”中寻找)；正在链接对象，如同没有调试信息一样
     1>sisl.lib(s6length.obj) : warning LNK4099: 未找到 PDB“vc110.pdb”(使用“sisl.lib(s6length.obj)”或在“E:\01workplace\项目交接\BallSpline-master\Dynamic_BS_System\Debug\vc110.pdb”中寻找)；正在链接对象，如同没有调试信息一样
     1>sisl.lib(s6lufacp.obj) : warning LNK4099: 未找到 PDB“vc110.pdb”(使用“sisl.lib(s6lufacp.obj)”或在“E:\01workplace\项目交接\BallSpline-master\Dynamic_BS_System\Debug\vc110.pdb”中寻找)；正在链接对象，如同没有调试信息一样
     1>sisl.lib(s6lusolp.obj) : warning LNK4099: 未找到 PDB“vc110.pdb”(使用“sisl.lib(s6lusolp.obj)”或在“E:\01workplace\项目交接\BallSpline-master\Dynamic_BS_System\Debug\vc110.pdb”中寻找)；正在链接对象，如同没有调试信息一样
     1>sisl.lib(s6newbox.obj) : warning LNK4099: 未找到 PDB“vc110.pdb”(使用“sisl.lib(s6newbox.obj)”或在“E:\01workplace\项目交接\BallSpline-master\Dynamic_BS_System\Debug\vc110.pdb”中寻找)；正在链接对象，如同没有调试信息一样
     1>sisl.lib(s6ratder.obj) : warning LNK4099: 未找到 PDB“vc110.pdb”(使用“sisl.lib(s6ratder.obj)”或在“E:\01workplace\项目交接\BallSpline-master\Dynamic_BS_System\Debug\vc110.pdb”中寻找)；正在链接对象，如同没有调试信息一样
     1>sisl.lib(sh6getlist.obj) : warning LNK4099: 未找到 PDB“vc110.pdb”(使用“sisl.lib(sh6getlist.obj)”或在“E:\01workplace\项目交接\BallSpline-master\Dynamic_BS_System\Debug\vc110.pdb”中寻找)；正在链接对象，如同没有调试信息一样
     1>sisl.lib(sh6getothr.obj) : warning LNK4099: 未找到 PDB“vc110.pdb”(使用“sisl.lib(sh6getothr.obj)”或在“E:\01workplace\项目交接\BallSpline-master\Dynamic_BS_System\Debug\vc110.pdb”中寻找)；正在链接对象，如同没有调试信息一样
     1>sisl.lib(sh6getprev.obj) : warning LNK4099: 未找到 PDB“vc110.pdb”(使用“sisl.lib(sh6getprev.obj)”或在“E:\01workplace\项目交接\BallSpline-master\Dynamic_BS_System\Debug\vc110.pdb”中寻找)；正在链接对象，如同没有调试信息一样
     1>sisl.lib(sh6ismain.obj) : warning LNK4099: 未找到 PDB“vc110.pdb”(使用“sisl.lib(sh6ismain.obj)”或在“E:\01workplace\项目交接\BallSpline-master\Dynamic_BS_System\Debug\vc110.pdb”中寻找)；正在链接对象，如同没有调试信息一样
     1>sisl.lib(tstcyclknt.obj) : warning LNK4099: 未找到 PDB“vc110.pdb”(使用“sisl.lib(tstcyclknt.obj)”或在“E:\01workplace\项目交接\BallSpline-master\Dynamic_BS_System\Debug\vc110.pdb”中寻找)；正在链接对象，如同没有调试信息一样
         Dynamic_BS_System.vcxproj -> E:\01workplace\项目交接\BallSpline-master\Dynamic_BS_System\Debug\Dynamic_BS_System.exe
     1>已完成生成项目“E:\01workplace\项目交接\BallSpline-master\Dynamic_BS_System\Dynamic_BS_System.vcxproj”(Rebuild 个目标)的操作。

生成成功。

已用时间 00:00:44.52
